<?xml version="1.0" encoding="UTF-8"?>
<!-- Generated by org.testng.reporters.JUnitXMLReporter -->
<testsuite hostname="Harini" ignored="0" name="ProblemUserTest" tests="1" failures="0" timestamp="2019-12-01T22:14:00 EST" time="0.021" errors="0">
  <testcase name="@BeforeClass openPage" time="0.018" classname="swaglabs.ProblemUser">
    <failure type="java.lang.NoClassDefFoundError" message="Could not initialize class org.apache.http.conn.ssl.SSLConnectionSocketFactory">
      <![CDATA[java.lang.NoClassDefFoundError: Could not initialize class org.apache.http.conn.ssl.SSLConnectionSocketFactory
at org.openqa.selenium.remote.internal.HttpClientFactory.getClientConnectionManager(HttpClientFactory.java:71)
at org.openqa.selenium.remote.internal.HttpClientFactory.<init>(HttpClientFactory.java:57)
at org.openqa.selenium.remote.internal.HttpClientFactory.<init>(HttpClientFactory.java:60)
at org.openqa.selenium.remote.internal.ApacheHttpClient$Factory.getDefaultHttpClientFactory(ApacheHttpClient.java:250)
at org.openqa.selenium.remote.internal.ApacheHttpClient$Factory.<init>(ApacheHttpClient.java:227)
at org.openqa.selenium.remote.HttpCommandExecutor.getDefaultClientFactory(HttpCommandExecutor.java:92)
at org.openqa.selenium.remote.HttpCommandExecutor.<init>(HttpCommandExecutor.java:71)
at org.openqa.selenium.remote.service.DriverCommandExecutor.<init>(DriverCommandExecutor.java:62)
at org.openqa.selenium.chrome.ChromeDriverCommandExecutor.<init>(ChromeDriverCommandExecutor.java:40)
at org.openqa.selenium.chrome.ChromeDriver.<init>(ChromeDriver.java:174)
at org.openqa.selenium.chrome.ChromeDriver.<init>(ChromeDriver.java:163)
at org.openqa.selenium.chrome.ChromeDriver.<init>(ChromeDriver.java:120)
at swaglabs.LoginUser.openPage(LoginUser.java:30)
at swaglabs.ProblemUser.openPage(ProblemUser.java:21)
at java.util.ArrayList.forEach(Unknown Source)
... Removed 24 stack frames]]>
    </failure>
  </testcase> <!-- @BeforeClass openPage -->
  <testcase name="@AfterClass tearDown" time="-1.575256440809E9" classname="swaglabs.ProblemUser">
    <skipped/>
  </testcase> <!-- @AfterClass tearDown -->
  <testcase name="validateUser" time="0.0" classname="swaglabs.ProblemUser">
    <skipped/>
  </testcase> <!-- validateUser -->
</testsuite> <!-- ProblemUserTest -->
